{"/Users/patryk/Documents/Gammasoft/Cwiczenia/node-typescript-boilerplate/src/main.ts": {"path":"/Users/patryk/Documents/Gammasoft/Cwiczenia/node-typescript-boilerplate/src/main.ts","statementMap":{"0":{"start":{"line":3,"column":0},"end":{"line":3,"column":73}},"1":{"start":{"line":4,"column":0},"end":{"line":4,"column":62}},"2":{"start":{"line":5,"column":0},"end":{"line":5,"column":74}},"3":{"start":{"line":6,"column":0},"end":{"line":6,"column":73}},"4":{"start":{"line":8,"column":0},"end":{"line":8,"column":75}},"5":{"start":{"line":10,"column":0},"end":{"line":10,"column":29}},"6":{"start":{"line":11,"column":0},"end":{"line":11,"column":25}},"7":{"start":{"line":13,"column":0},"end":{"line":13,"column":58}},"8":{"start":{"line":15,"column":13},"end":{"line":15,"column":81}},"9":{"start":{"line":16,"column":0},"end":{"line":16,"column":null}},"10":{"start":{"line":18,"column":18},"end":{"line":18,"column":24}},"11":{"start":{"line":19,"column":15},"end":{"line":19,"column":19}},"12":{"start":{"line":20,"column":17},"end":{"line":20,"column":19}},"13":{"start":{"line":24,"column":38},"end":{"line":53,"column":1}},"14":{"start":{"line":28,"column":34},"end":{"line":32,"column":null}},"15":{"start":{"line":33,"column":2},"end":{"line":51,"column":null}},"16":{"start":{"line":34,"column":14},"end":{"line":34,"column":20}},"17":{"start":{"line":35,"column":14},"end":{"line":35,"column":23}},"18":{"start":{"line":36,"column":14},"end":{"line":36,"column":24}},"19":{"start":{"line":37,"column":21},"end":{"line":37,"column":33}},"20":{"start":{"line":38,"column":18},"end":{"line":38,"column":50}},"21":{"start":{"line":39,"column":20},"end":{"line":39,"column":43}},"22":{"start":{"line":40,"column":4},"end":{"line":40,"column":null}},"23":{"start":{"line":41,"column":4},"end":{"line":41,"column":null}},"24":{"start":{"line":43,"column":4},"end":{"line":43,"column":null}},"25":{"start":{"line":44,"column":4},"end":{"line":44,"column":null}},"26":{"start":{"line":45,"column":33},"end":{"line":45,"column":35}},"27":{"start":{"line":46,"column":4},"end":{"line":46,"column":null}},"28":{"start":{"line":47,"column":4},"end":{"line":47,"column":null}},"29":{"start":{"line":48,"column":4},"end":{"line":48,"column":null}},"30":{"start":{"line":49,"column":4},"end":{"line":49,"column":null}},"31":{"start":{"line":50,"column":4},"end":{"line":50,"column":null}},"32":{"start":{"line":52,"column":2},"end":{"line":52,"column":null}},"33":{"start":{"line":24,"column":13},"end":{"line":24,"column":38}},"34":{"start":{"line":55,"column":29},"end":{"line":76,"column":1}},"35":{"start":{"line":59,"column":12},"end":{"line":59,"column":18}},"36":{"start":{"line":60,"column":12},"end":{"line":60,"column":21}},"37":{"start":{"line":61,"column":12},"end":{"line":61,"column":22}},"38":{"start":{"line":62,"column":22},"end":{"line":62,"column":57}},"39":{"start":{"line":63,"column":23},"end":{"line":63,"column":68}},"40":{"start":{"line":64,"column":26},"end":{"line":64,"column":69}},"41":{"start":{"line":65,"column":20},"end":{"line":65,"column":22}},"42":{"start":{"line":66,"column":2},"end":{"line":66,"column":null}},"43":{"start":{"line":67,"column":2},"end":{"line":67,"column":null}},"44":{"start":{"line":68,"column":2},"end":{"line":68,"column":null}},"45":{"start":{"line":69,"column":2},"end":{"line":69,"column":null}},"46":{"start":{"line":70,"column":2},"end":{"line":70,"column":null}},"47":{"start":{"line":71,"column":2},"end":{"line":71,"column":null}},"48":{"start":{"line":72,"column":2},"end":{"line":72,"column":null}},"49":{"start":{"line":73,"column":2},"end":{"line":73,"column":null}},"50":{"start":{"line":74,"column":2},"end":{"line":74,"column":null}},"51":{"start":{"line":75,"column":2},"end":{"line":75,"column":null}},"52":{"start":{"line":55,"column":13},"end":{"line":55,"column":29}},"53":{"start":{"line":78,"column":31},"end":{"line":108,"column":1}},"54":{"start":{"line":81,"column":19},"end":{"line":81,"column":32}},"55":{"start":{"line":82,"column":2},"end":{"line":82,"column":null}},"56":{"start":{"line":83,"column":2},"end":{"line":83,"column":null}},"57":{"start":{"line":84,"column":19},"end":{"line":84,"column":56}},"58":{"start":{"line":86,"column":20},"end":{"line":86,"column":46}},"59":{"start":{"line":87,"column":16},"end":{"line":87,"column":25}},"60":{"start":{"line":88,"column":2},"end":{"line":90,"column":null}},"61":{"start":{"line":89,"column":4},"end":{"line":89,"column":null}},"62":{"start":{"line":93,"column":2},"end":{"line":107,"column":null}},"63":{"start":{"line":94,"column":21},"end":{"line":94,"column":69}},"64":{"start":{"line":95,"column":4},"end":{"line":97,"column":null}},"65":{"start":{"line":96,"column":6},"end":{"line":96,"column":null}},"66":{"start":{"line":98,"column":4},"end":{"line":98,"column":null}},"67":{"start":{"line":99,"column":4},"end":{"line":104,"column":null}},"68":{"start":{"line":106,"column":4},"end":{"line":106,"column":null}},"69":{"start":{"line":78,"column":13},"end":{"line":78,"column":31}},"70":{"start":{"line":111,"column":0},"end":{"line":111,"column":34}},"71":{"start":{"line":112,"column":17},"end":{"line":112,"column":39}},"72":{"start":{"line":113,"column":19},"end":{"line":113,"column":47}},"73":{"start":{"line":114,"column":18},"end":{"line":114,"column":45}},"74":{"start":{"line":118,"column":23},"end":{"line":118,"column":68}},"75":{"start":{"line":119,"column":20},"end":{"line":119,"column":59}},"76":{"start":{"line":123,"column":0},"end":{"line":123,"column":29}}},"fnMap":{"0":{"name":"(anonymous_0)","decl":{"start":{"line":24,"column":38},"end":{"line":24,"column":null}},"loc":{"start":{"line":27,"column":21},"end":{"line":53,"column":1}}},"1":{"name":"(anonymous_1)","decl":{"start":{"line":33,"column":21},"end":{"line":33,"column":22}},"loc":{"start":{"line":33,"column":30},"end":{"line":51,"column":3}}},"2":{"name":"(anonymous_2)","decl":{"start":{"line":55,"column":29},"end":{"line":55,"column":null}},"loc":{"start":{"line":58,"column":12},"end":{"line":76,"column":1}}},"3":{"name":"(anonymous_3)","decl":{"start":{"line":78,"column":31},"end":{"line":78,"column":null}},"loc":{"start":{"line":80,"column":4},"end":{"line":108,"column":1}}}},"branchMap":{"0":{"loc":{"start":{"line":88,"column":2},"end":{"line":90,"column":null}},"type":"if","locations":[{"start":{"line":88,"column":2},"end":{"line":90,"column":null}}]},"1":{"loc":{"start":{"line":95,"column":4},"end":{"line":97,"column":null}},"type":"if","locations":[{"start":{"line":95,"column":4},"end":{"line":97,"column":null}}]}},"s":{"0":0,"1":0,"2":0,"3":0,"4":0,"5":0,"6":0,"7":0,"8":0,"9":0,"10":0,"11":0,"12":0,"13":0,"14":0,"15":0,"16":0,"17":0,"18":0,"19":0,"20":0,"21":0,"22":0,"23":0,"24":0,"25":0,"26":0,"27":0,"28":0,"29":0,"30":0,"31":0,"32":0,"33":0,"34":0,"35":0,"36":0,"37":0,"38":0,"39":0,"40":0,"41":0,"42":0,"43":0,"44":0,"45":0,"46":0,"47":0,"48":0,"49":0,"50":0,"51":0,"52":0,"53":0,"54":0,"55":0,"56":0,"57":0,"58":0,"59":0,"60":0,"61":0,"62":0,"63":0,"64":0,"65":0,"66":0,"67":0,"68":0,"69":0,"70":0,"71":0,"72":0,"73":0,"74":0,"75":0,"76":0},"f":{"0":0,"1":0,"2":0,"3":0},"b":{"0":[0],"1":[0]}}
,"/Users/patryk/Documents/Gammasoft/Cwiczenia/node-typescript-boilerplate/src/interfaces/property-output.interface.builder.ts": {"path":"/Users/patryk/Documents/Gammasoft/Cwiczenia/node-typescript-boilerplate/src/interfaces/property-output.interface.builder.ts","statementMap":{"0":{"start":{"line":4,"column":12},"end":{"line":4,"column":null}},"1":{"start":{"line":5,"column":12},"end":{"line":5,"column":null}},"2":{"start":{"line":6,"column":12},"end":{"line":6,"column":null}},"3":{"start":{"line":9,"column":8},"end":{"line":13,"column":null}},"4":{"start":{"line":17,"column":8},"end":{"line":17,"column":null}},"5":{"start":{"line":18,"column":8},"end":{"line":18,"column":null}},"6":{"start":{"line":22,"column":8},"end":{"line":22,"column":null}},"7":{"start":{"line":23,"column":8},"end":{"line":23,"column":null}},"8":{"start":{"line":27,"column":8},"end":{"line":27,"column":null}},"9":{"start":{"line":28,"column":8},"end":{"line":28,"column":null}},"10":{"start":{"line":3,"column":0},"end":{"line":3,"column":13}}},"fnMap":{"0":{"name":"(anonymous_0)","decl":{"start":{"line":3,"column":0},"end":{"line":3,"column":13}},"loc":{"start":{"line":3,"column":0},"end":{"line":30,"column":1}}},"1":{"name":"(anonymous_1)","decl":{"start":{"line":8,"column":11},"end":{"line":8,"column":16}},"loc":{"start":{"line":8,"column":16},"end":{"line":14,"column":5}}},"2":{"name":"(anonymous_2)","decl":{"start":{"line":16,"column":11},"end":{"line":16,"column":26}},"loc":{"start":{"line":16,"column":42},"end":{"line":19,"column":5}}},"3":{"name":"(anonymous_3)","decl":{"start":{"line":21,"column":11},"end":{"line":21,"column":30}},"loc":{"start":{"line":21,"column":46},"end":{"line":24,"column":5}}},"4":{"name":"(anonymous_4)","decl":{"start":{"line":26,"column":11},"end":{"line":26,"column":27}},"loc":{"start":{"line":26,"column":43},"end":{"line":29,"column":5}}}},"branchMap":{},"s":{"0":0,"1":0,"2":0,"3":0,"4":0,"5":0,"6":0,"7":0,"8":0,"9":0,"10":0},"f":{"0":0,"1":0,"2":0,"3":0,"4":0},"b":{}}
,"/Users/patryk/Documents/Gammasoft/Cwiczenia/node-typescript-boilerplate/src/utils/initial-property-value-util.ts": {"path":"/Users/patryk/Documents/Gammasoft/Cwiczenia/node-typescript-boilerplate/src/utils/initial-property-value-util.ts","statementMap":{"0":{"start":{"line":6,"column":38},"end":{"line":21,"column":1}},"1":{"start":{"line":7,"column":4},"end":{"line":9,"column":null}},"2":{"start":{"line":8,"column":8},"end":{"line":8,"column":null}},"3":{"start":{"line":11,"column":4},"end":{"line":20,"column":null}},"4":{"start":{"line":13,"column":12},"end":{"line":13,"column":null}},"5":{"start":{"line":15,"column":12},"end":{"line":15,"column":null}},"6":{"start":{"line":17,"column":12},"end":{"line":17,"column":null}},"7":{"start":{"line":19,"column":12},"end":{"line":19,"column":null}},"8":{"start":{"line":6,"column":13},"end":{"line":6,"column":38}}},"fnMap":{"0":{"name":"(anonymous_0)","decl":{"start":{"line":6,"column":38},"end":{"line":6,"column":39}},"loc":{"start":{"line":6,"column":59},"end":{"line":21,"column":1}}}},"branchMap":{"0":{"loc":{"start":{"line":7,"column":4},"end":{"line":9,"column":null}},"type":"if","locations":[{"start":{"line":7,"column":4},"end":{"line":9,"column":null}}]},"1":{"loc":{"start":{"line":11,"column":4},"end":{"line":20,"column":null}},"type":"switch","locations":[{"start":{"line":12,"column":8},"end":{"line":13,"column":null}},{"start":{"line":14,"column":8},"end":{"line":15,"column":null}},{"start":{"line":16,"column":8},"end":{"line":17,"column":null}},{"start":{"line":18,"column":8},"end":{"line":19,"column":null}}]}},"s":{"0":0,"1":0,"2":0,"3":0,"4":0,"5":0,"6":0,"7":0,"8":0},"f":{"0":0},"b":{"0":[0],"1":[0,0,0,0]}}
,"/Users/patryk/Documents/Gammasoft/Cwiczenia/node-typescript-boilerplate/src/utils/string-util.ts": {"path":"/Users/patryk/Documents/Gammasoft/Cwiczenia/node-typescript-boilerplate/src/utils/string-util.ts","statementMap":{"0":{"start":{"line":6,"column":36},"end":{"line":7,"column":42}},"1":{"start":{"line":7,"column":4},"end":{"line":7,"column":42}},"2":{"start":{"line":6,"column":13},"end":{"line":6,"column":36}},"3":{"start":{"line":14,"column":30},"end":{"line":21,"column":1}},"4":{"start":{"line":15,"column":22},"end":{"line":15,"column":40}},"5":{"start":{"line":16,"column":4},"end":{"line":20,"column":null}},"6":{"start":{"line":17,"column":8},"end":{"line":17,"column":null}},"7":{"start":{"line":19,"column":8},"end":{"line":19,"column":null}},"8":{"start":{"line":14,"column":13},"end":{"line":14,"column":30}}},"fnMap":{"0":{"name":"(anonymous_0)","decl":{"start":{"line":6,"column":36},"end":{"line":6,"column":37}},"loc":{"start":{"line":7,"column":4},"end":{"line":7,"column":42}}},"1":{"name":"(anonymous_1)","decl":{"start":{"line":14,"column":30},"end":{"line":14,"column":31}},"loc":{"start":{"line":14,"column":47},"end":{"line":21,"column":1}}}},"branchMap":{"0":{"loc":{"start":{"line":16,"column":4},"end":{"line":20,"column":null}},"type":"if","locations":[{"start":{"line":16,"column":4},"end":{"line":20,"column":null}},{"start":{"line":18,"column":11},"end":{"line":20,"column":null}}]}},"s":{"0":0,"1":0,"2":0,"3":0,"4":0,"5":0,"6":0,"7":0,"8":0},"f":{"0":0,"1":0},"b":{"0":[0,0]}}
,"/Users/patryk/Documents/Gammasoft/Cwiczenia/node-typescript-boilerplate/src/utils/type-alias-data-types-util.ts": {"path":"/Users/patryk/Documents/Gammasoft/Cwiczenia/node-typescript-boilerplate/src/utils/type-alias-data-types-util.ts","statementMap":{"0":{"start":{"line":7,"column":37},"end":{"line":18,"column":1}},"1":{"start":{"line":10,"column":22},"end":{"line":10,"column":56}},"2":{"start":{"line":11,"column":4},"end":{"line":16,"column":null}},"3":{"start":{"line":12,"column":8},"end":{"line":14,"column":null}},"4":{"start":{"line":15,"column":8},"end":{"line":15,"column":null}},"5":{"start":{"line":17,"column":4},"end":{"line":17,"column":null}},"6":{"start":{"line":7,"column":13},"end":{"line":7,"column":37}}},"fnMap":{"0":{"name":"(anonymous_0)","decl":{"start":{"line":7,"column":37},"end":{"line":7,"column":38}},"loc":{"start":{"line":7,"column":64},"end":{"line":18,"column":1}}}},"branchMap":{"0":{"loc":{"start":{"line":11,"column":4},"end":{"line":16,"column":null}},"type":"if","locations":[{"start":{"line":11,"column":4},"end":{"line":16,"column":null}}]}},"s":{"0":0,"1":0,"2":0,"3":0,"4":0,"5":0,"6":0},"f":{"0":0},"b":{"0":[0]}}
,"/Users/patryk/Documents/Gammasoft/Cwiczenia/node-typescript-boilerplate/src/utils/type-alias-name-util.ts": {"path":"/Users/patryk/Documents/Gammasoft/Cwiczenia/node-typescript-boilerplate/src/utils/type-alias-name-util.ts","statementMap":{"0":{"start":{"line":7,"column":32},"end":{"line":16,"column":1}},"1":{"start":{"line":10,"column":27},"end":{"line":10,"column":71}},"2":{"start":{"line":11,"column":4},"end":{"line":14,"column":null}},"3":{"start":{"line":12,"column":8},"end":{"line":12,"column":null}},"4":{"start":{"line":13,"column":8},"end":{"line":13,"column":null}},"5":{"start":{"line":15,"column":4},"end":{"line":15,"column":null}},"6":{"start":{"line":7,"column":13},"end":{"line":7,"column":32}}},"fnMap":{"0":{"name":"(anonymous_0)","decl":{"start":{"line":7,"column":32},"end":{"line":7,"column":33}},"loc":{"start":{"line":7,"column":57},"end":{"line":16,"column":1}}}},"branchMap":{"0":{"loc":{"start":{"line":11,"column":4},"end":{"line":14,"column":null}},"type":"if","locations":[{"start":{"line":11,"column":4},"end":{"line":14,"column":null}}]}},"s":{"0":0,"1":0,"2":0,"3":0,"4":0,"5":0,"6":0},"f":{"0":0},"b":{"0":[0]}}
,"/Users/patryk/Documents/Gammasoft/Cwiczenia/node-typescript-boilerplate/src/utils/type-alias-properties-util.ts": {"path":"/Users/patryk/Documents/Gammasoft/Cwiczenia/node-typescript-boilerplate/src/utils/type-alias-properties-util.ts","statementMap":{"0":{"start":{"line":7,"column":38},"end":{"line":20,"column":3}},"1":{"start":{"line":10,"column":21},"end":{"line":10,"column":58}},"2":{"start":{"line":11,"column":4},"end":{"line":16,"column":null}},"3":{"start":{"line":12,"column":8},"end":{"line":14,"column":null}},"4":{"start":{"line":15,"column":8},"end":{"line":15,"column":null}},"5":{"start":{"line":18,"column":4},"end":{"line":18,"column":null}},"6":{"start":{"line":18,"column":37},"end":{"line":18,"column":45}},"7":{"start":{"line":19,"column":4},"end":{"line":19,"column":null}},"8":{"start":{"line":7,"column":13},"end":{"line":7,"column":38}}},"fnMap":{"0":{"name":"(anonymous_0)","decl":{"start":{"line":7,"column":38},"end":{"line":7,"column":39}},"loc":{"start":{"line":7,"column":65},"end":{"line":20,"column":3}}},"1":{"name":"(anonymous_1)","decl":{"start":{"line":18,"column":32},"end":{"line":18,"column":33}},"loc":{"start":{"line":18,"column":37},"end":{"line":18,"column":45}}}},"branchMap":{"0":{"loc":{"start":{"line":11,"column":4},"end":{"line":16,"column":null}},"type":"if","locations":[{"start":{"line":11,"column":4},"end":{"line":16,"column":null}}]}},"s":{"0":0,"1":0,"2":0,"3":0,"4":0,"5":0,"6":0,"7":0,"8":0},"f":{"0":0,"1":0},"b":{"0":[0]}}
}
